  Materiel.cpp
C:\Users\Lenovo T470\Dropbox\Mon PC (DESKTOP-44TECH7)\Documents\GitHub\projetPOO\POO\Medicament.h(9,1): error C2504: 'Stock' : classe de base non définie
C:\Users\Lenovo T470\Dropbox\Mon PC (DESKTOP-44TECH7)\Documents\GitHub\projetPOO\POO\Stock.h(12,9): error C2065: 'Materiel' : identificateur non déclaré
C:\Users\Lenovo T470\Dropbox\Mon PC (DESKTOP-44TECH7)\Documents\GitHub\projetPOO\POO\Stock.h(12,18): error C2059: erreur de syntaxe : '>'
  Medicament.cpp
C:\Users\Lenovo T470\Dropbox\Mon PC (DESKTOP-44TECH7)\Documents\GitHub\projetPOO\POO\Materiel.h(9,1): error C2504: 'Stock' : classe de base non définie
C:\Users\Lenovo T470\Dropbox\Mon PC (DESKTOP-44TECH7)\Documents\GitHub\projetPOO\POO\Stock.h(11,9): error C2065: 'Medicament' : identificateur non déclaré
C:\Users\Lenovo T470\Dropbox\Mon PC (DESKTOP-44TECH7)\Documents\GitHub\projetPOO\POO\Stock.h(11,20): error C2059: erreur de syntaxe : '>'
  Operation.cpp
  POO.cpp
C:\Users\Lenovo T470\Dropbox\Mon PC (DESKTOP-44TECH7)\Documents\GitHub\projetPOO\POO\Medicament.h(9,1): error C2504: 'Stock' : classe de base non définie
C:\Users\Lenovo T470\Dropbox\Mon PC (DESKTOP-44TECH7)\Documents\GitHub\projetPOO\POO\Stock.h(12,9): error C2065: 'Materiel' : identificateur non déclaré
C:\Users\Lenovo T470\Dropbox\Mon PC (DESKTOP-44TECH7)\Documents\GitHub\projetPOO\POO\Stock.h(12,18): error C2059: erreur de syntaxe : '>'
  Stock.cpp
C:\Users\Lenovo T470\Dropbox\Mon PC (DESKTOP-44TECH7)\Documents\GitHub\projetPOO\POO\Medicament.h(9,1): error C2504: 'Stock' : classe de base non définie
C:\Users\Lenovo T470\Dropbox\Mon PC (DESKTOP-44TECH7)\Documents\GitHub\projetPOO\POO\Materiel.h(9,1): error C2504: 'Stock' : classe de base non définie
C:\Users\Lenovo T470\Dropbox\Mon PC (DESKTOP-44TECH7)\Documents\GitHub\projetPOO\POO\Stock.cpp(65,6): error C2039: 'set_ID' n'est pas membre de 'Medicament'
C:\Users\Lenovo T470\Dropbox\Mon PC (DESKTOP-44TECH7)\Documents\GitHub\projetPOO\POO\Medicament.h(8): message : voir la déclaration de 'Medicament'
C:\Users\Lenovo T470\Dropbox\Mon PC (DESKTOP-44TECH7)\Documents\GitHub\projetPOO\POO\Stock.cpp(66,6): error C2039: 'set_nom' n'est pas membre de 'Medicament'
C:\Users\Lenovo T470\Dropbox\Mon PC (DESKTOP-44TECH7)\Documents\GitHub\projetPOO\POO\Medicament.h(8): message : voir la déclaration de 'Medicament'
C:\Users\Lenovo T470\Dropbox\Mon PC (DESKTOP-44TECH7)\Documents\GitHub\projetPOO\POO\Stock.cpp(67,6): error C2039: 'set_quantite' n'est pas membre de 'Medicament'
C:\Users\Lenovo T470\Dropbox\Mon PC (DESKTOP-44TECH7)\Documents\GitHub\projetPOO\POO\Medicament.h(8): message : voir la déclaration de 'Medicament'
C:\Users\Lenovo T470\Dropbox\Mon PC (DESKTOP-44TECH7)\Documents\GitHub\projetPOO\POO\Stock.cpp(68,6): error C2039: 'set_limite' n'est pas membre de 'Medicament'
C:\Users\Lenovo T470\Dropbox\Mon PC (DESKTOP-44TECH7)\Documents\GitHub\projetPOO\POO\Medicament.h(8): message : voir la déclaration de 'Medicament'
C:\Users\Lenovo T470\Dropbox\Mon PC (DESKTOP-44TECH7)\Documents\GitHub\projetPOO\POO\Stock.cpp(99,7): error C2039: 'set_ID' n'est pas membre de 'Materiel'
C:\Users\Lenovo T470\Dropbox\Mon PC (DESKTOP-44TECH7)\Documents\GitHub\projetPOO\POO\Materiel.h(8): message : voir la déclaration de 'Materiel'
C:\Users\Lenovo T470\Dropbox\Mon PC (DESKTOP-44TECH7)\Documents\GitHub\projetPOO\POO\Stock.cpp(100,7): error C2039: 'set_nom' n'est pas membre de 'Materiel'
C:\Users\Lenovo T470\Dropbox\Mon PC (DESKTOP-44TECH7)\Documents\GitHub\projetPOO\POO\Materiel.h(8): message : voir la déclaration de 'Materiel'
C:\Users\Lenovo T470\Dropbox\Mon PC (DESKTOP-44TECH7)\Documents\GitHub\projetPOO\POO\Stock.cpp(101,7): error C2039: 'set_limite' n'est pas membre de 'Materiel'
C:\Users\Lenovo T470\Dropbox\Mon PC (DESKTOP-44TECH7)\Documents\GitHub\projetPOO\POO\Materiel.h(8): message : voir la déclaration de 'Materiel'
C:\Users\Lenovo T470\Dropbox\Mon PC (DESKTOP-44TECH7)\Documents\GitHub\projetPOO\POO\Stock.cpp(102,7): error C2039: 'set_quantite' n'est pas membre de 'Materiel'
C:\Users\Lenovo T470\Dropbox\Mon PC (DESKTOP-44TECH7)\Documents\GitHub\projetPOO\POO\Materiel.h(8): message : voir la déclaration de 'Materiel'
  SystemeAuthentification.cpp
  Technicien.cpp
C:\Users\Lenovo T470\Dropbox\Mon PC (DESKTOP-44TECH7)\Documents\GitHub\projetPOO\POO\Medicament.h(9,1): error C2504: 'Stock' : classe de base non définie
C:\Users\Lenovo T470\Dropbox\Mon PC (DESKTOP-44TECH7)\Documents\GitHub\projetPOO\POO\Materiel.h(9,1): error C2504: 'Stock' : classe de base non définie
  Génération de code en cours...
