c:\users\moadb\desktop\poo\projetpoo\poo\x64\debug\vc143.pdb
c:\users\moadb\desktop\poo\projetpoo\poo\x64\debug\vc143.idb
c:\users\moadb\desktop\poo\projetpoo\poo\x64\debug\technicien.obj
c:\users\moadb\desktop\poo\projetpoo\poo\x64\debug\stock.obj
c:\users\moadb\desktop\poo\projetpoo\poo\x64\debug\salle.obj
c:\users\moadb\desktop\poo\projetpoo\poo\x64\debug\poo.obj
c:\users\moadb\desktop\poo\projetpoo\poo\x64\debug\personnel.obj
c:\users\moadb\desktop\poo\projetpoo\poo\x64\debug\patient.obj
c:\users\moadb\desktop\poo\projetpoo\poo\x64\debug\medicament.obj
c:\users\moadb\desktop\poo\projetpoo\poo\x64\debug\materiel.obj
c:\users\moadb\desktop\poo\projetpoo\poo\x64\debug\admin.obj
c:\users\moadb\desktop\poo\projetpoo\poo\x64\debug\operation.obj
c:\users\moadb\desktop\poo\projetpoo\poo\x64\debug\systemeauthentification.obj
c:\users\moadb\desktop\poo\projetpoo\poo\x64\debug\poo.pdb
c:\users\moadb\desktop\poo\projetpoo\poo\x64\debug\poo.tlog\cl.command.1.tlog
c:\users\moadb\desktop\poo\projetpoo\poo\x64\debug\poo.tlog\cl.read.1.tlog
c:\users\moadb\desktop\poo\projetpoo\poo\x64\debug\poo.tlog\cl.write.1.tlog
c:\users\moadb\desktop\poo\projetpoo\poo\x64\debug\poo.tlog\link-cvtres.read.1.tlog
c:\users\moadb\desktop\poo\projetpoo\poo\x64\debug\poo.tlog\link-cvtres.write.1.tlog
c:\users\moadb\desktop\poo\projetpoo\poo\x64\debug\poo.tlog\link-rc.read.1.tlog
c:\users\moadb\desktop\poo\projetpoo\poo\x64\debug\poo.tlog\link-rc.write.1.tlog
c:\users\moadb\desktop\poo\projetpoo\poo\x64\debug\poo.tlog\link.27500-cvtres.read.1.tlog
c:\users\moadb\desktop\poo\projetpoo\poo\x64\debug\poo.tlog\link.27500-cvtres.write.1.tlog
c:\users\moadb\desktop\poo\projetpoo\poo\x64\debug\poo.tlog\link.27500-rc.read.1.tlog
c:\users\moadb\desktop\poo\projetpoo\poo\x64\debug\poo.tlog\link.27500-rc.write.1.tlog
c:\users\moadb\desktop\poo\projetpoo\poo\x64\debug\poo.tlog\link.27500.read.1.tlog
c:\users\moadb\desktop\poo\projetpoo\poo\x64\debug\poo.tlog\link.27500.read.2.tlog
c:\users\moadb\desktop\poo\projetpoo\poo\x64\debug\poo.tlog\link.27500.write.1.tlog
c:\users\moadb\desktop\poo\projetpoo\poo\x64\debug\poo.tlog\link.command.1.tlog
c:\users\moadb\desktop\poo\projetpoo\poo\x64\debug\poo.tlog\link.read.1.tlog
c:\users\moadb\desktop\poo\projetpoo\poo\x64\debug\poo.tlog\link.read.2.tlog
c:\users\moadb\desktop\poo\projetpoo\poo\x64\debug\poo.tlog\link.read.3.tlog
c:\users\moadb\desktop\poo\projetpoo\poo\x64\debug\poo.tlog\link.write.1.tlog
